{"type":"server-started","port":53711,"host":"127.0.0.1","url_host":"localhost","url":"http://localhost:53711","screen_dir":"/Users/satyambhanot/Desktop/satyambhanot.github.io/.superpowers/brainstorm/66263-1775785719/content","state_dir":"/Users/satyambhanot/Desktop/satyambhanot.github.io/.superpowers/brainstorm/66263-1775785719/state"}
{"type":"screen-added","file":"/Users/satyambhanot/Desktop/satyambhanot.github.io/.superpowers/brainstorm/66263-1775785719/content/accent-color-styles.html"}
{"type":"screen-updated","file":"/Users/satyambhanot/Desktop/satyambhanot.github.io/.superpowers/brainstorm/66263-1775785719/content/accent-color-styles.html"}
{"type":"screen-updated","file":"/Users/satyambhanot/Desktop/satyambhanot.github.io/.superpowers/brainstorm/66263-1775785719/content/accent-color-styles.html"}
{"type":"screen-updated","file":"/Users/satyambhanot/Desktop/satyambhanot.github.io/.superpowers/brainstorm/66263-1775785719/content/accent-color-styles.html"}
{"source":"user-event","type":"click","text":"SATYAM\n      BHANOT / DEVELOPER\n      Computer Science student with taste for clean design and meaningful work.\n      \n        PROJECTS\n        CONTACT\n      \n    \n    \n      Warm Red\n      #ef4444 — Sharp, energetic, bold. High contrast. Contemporary magazine feel.","choice":"red","id":null,"timestamp":1775785767690}
{"source":"user-event","type":"click","text":"SATYAM\n      BHANOT / DEVELOPER\n      Computer Science student with taste for clean design and meaningful work.\n      \n        PROJECTS\n        CONTACT\n      \n    \n    \n      Warm Rose\n      #f43f5e — Modern, editorial, slightly warmer. Sophisticated. In-between feel.","choice":"rose","id":null,"timestamp":1775785777905}
{"type":"screen-added","file":"/Users/satyambhanot/Desktop/satyambhanot.github.io/.superpowers/brainstorm/66263-1775785719/content/navbar-and-cards.html"}
{"type":"screen-updated","file":"/Users/satyambhanot/Desktop/satyambhanot.github.io/.superpowers/brainstorm/66263-1775785719/content/navbar-and-cards.html"}
{"type":"screen-updated","file":"/Users/satyambhanot/Desktop/satyambhanot.github.io/.superpowers/brainstorm/66263-1775785719/content/navbar-and-cards.html"}
{"type":"screen-updated","file":"/Users/satyambhanot/Desktop/satyambhanot.github.io/.superpowers/brainstorm/66263-1775785719/content/navbar-and-cards.html"}
{"source":"user-event","type":"click","text":"D\n    \n      Current Card Style\n      Hover-based interactions, project label, tech tags. Familiar structure from existing design.\n      \n        PERSONAL\n        Portfolio Redesign\n        A modern editorial-technical portfolio with rose accent and distinctive typography.\n        \n          HTML/CSS\n          JavaScript","choice":"cards-current","id":null,"timestamp":1775785837559}
{"source":"user-event","type":"click","text":"A\n    \n      Thin Architectural Top Bar\n      Minimal top border, monospace logo on left, minimal spacing on right. Scroll-aware state change. Feels like a technical spec.\n      \n        <SB/>\n        \n          ABOUT\n          PROJECTS\n          CONTACT","choice":"navbar-thin","id":null,"timestamp":1775785839177}
{"source":"user-event","type":"click","text":"B\n    \n      Standard Navbar (Current Style)\n      What you have now—rounded buttons, theme toggle, full branding. Familiar and functional.\n      \n        Satyam Bhanot\n        \n          RESUME","choice":"navbar-standard","id":null,"timestamp":1775785841565}
{"type":"screen-added","file":"/Users/satyambhanot/Desktop/satyambhanot.github.io/.superpowers/brainstorm/66263-1775785719/content/hero-treatments.html"}
{"type":"screen-updated","file":"/Users/satyambhanot/Desktop/satyambhanot.github.io/.superpowers/brainstorm/66263-1775785719/content/hero-treatments.html"}
{"type":"screen-updated","file":"/Users/satyambhanot/Desktop/satyambhanot.github.io/.superpowers/brainstorm/66263-1775785719/content/hero-treatments.html"}
{"type":"screen-updated","file":"/Users/satyambhanot/Desktop/satyambhanot.github.io/.superpowers/brainstorm/66263-1775785719/content/hero-treatments.html"}
{"source":"user-event","type":"click","text":"<SB/>\n        Computer Sciencestudent with taste\n        Full-stack developer. Interested in meaningful products, clean design, and learning.\n        \n          PROJECTS\n          CONTACT\n        \n      \n    \n    \n      Centered & Refined\n      Centered layout, logo above text, large monospace heading split across lines, clean CTA buttons. Balanced, classic editorial.","choice":"hero-centered","id":null,"timestamp":1775785905305}
{"type":"screen-added","file":"/Users/satyambhanot/Desktop/satyambhanot.github.io/.superpowers/brainstorm/66263-1775785719/content/skills-section.html"}
{"type":"screen-updated","file":"/Users/satyambhanot/Desktop/satyambhanot.github.io/.superpowers/brainstorm/66263-1775785719/content/skills-section.html"}
{"type":"screen-updated","file":"/Users/satyambhanot/Desktop/satyambhanot.github.io/.superpowers/brainstorm/66263-1775785719/content/skills-section.html"}
{"type":"screen-updated","file":"/Users/satyambhanot/Desktop/satyambhanot.github.io/.superpowers/brainstorm/66263-1775785719/content/skills-section.html"}
{"source":"user-event","type":"click","text":"⚛️\n        React\n      \n      \n        🐍\n        Python\n      \n      \n        ☁️\n        AWS\n      \n      \n        🔧\n        Git\n      \n    \n    \n      Icon Grid (Current)\n      Icon cards with labels. Familiar and visual. Safe but less editorial.","choice":"skills-current","id":null,"timestamp":1775785946839}
{"type":"screen-added","file":"/Users/satyambhanot/Desktop/satyambhanot.github.io/.superpowers/brainstorm/66263-1775785719/content/transitions-and-summary.html"}
{"type":"screen-updated","file":"/Users/satyambhanot/Desktop/satyambhanot.github.io/.superpowers/brainstorm/66263-1775785719/content/transitions-and-summary.html"}
{"type":"screen-updated","file":"/Users/satyambhanot/Desktop/satyambhanot.github.io/.superpowers/brainstorm/66263-1775785719/content/transitions-and-summary.html"}
{"type":"screen-updated","file":"/Users/satyambhanot/Desktop/satyambhanot.github.io/.superpowers/brainstorm/66263-1775785719/content/transitions-and-summary.html"}
{"type":"server-stopped","reason":"owner process exited"}
